added manifest
adding: Task22.class(in = 1221) (out= 860)(deflated 29%)
adding: Task22$.class(in = 23853) (out= 10476)(deflated 56%)
26/05/19 17:23:21 WARN Utils: Your hostname, PHAT resolves to a loopback address: 127.0.1.1; using 10.255.255.254 instead (on interface lo)
26/05/19 17:23:21 WARN Utils: Set SPARK_LOCAL_IP if you need to bind to another address
26/05/19 17:23:22 INFO SparkContext: Running Spark version 3.5.8
26/05/19 17:23:22 INFO SparkContext: OS info Linux, 6.6.87.2-microsoft-standard-WSL2, amd64
26/05/19 17:23:22 INFO SparkContext: Java version 1.8.0_482
26/05/19 17:23:22 WARN NativeCodeLoader: Unable to load native-hadoop library for your platform... using builtin-java classes where applicable
26/05/19 17:23:22 INFO ResourceUtils: ==============================================================
26/05/19 17:23:22 INFO ResourceUtils: No custom resources configured for spark.driver.
26/05/19 17:23:22 INFO ResourceUtils: ==============================================================
26/05/19 17:23:22 INFO SparkContext: Submitted application: Task_2_2_Dynamic_Percentile_StdDev
26/05/19 17:23:22 INFO ResourceProfile: Default ResourceProfile created, executor resources: Map(cores -> name: cores, amount: 1, script: , vendor: , memory -> name: memory, amount: 1024, script: , vendor: , offHeap -> name: offHeap, amount: 0, script: , vendor: ), task resources: Map(cpus -> name: cpus, amount: 1.0)
26/05/19 17:23:22 INFO ResourceProfile: Limiting resource is cpu
26/05/19 17:23:22 INFO ResourceProfileManager: Added ResourceProfile id: 0
26/05/19 17:23:22 INFO SecurityManager: Changing view acls to: phat
26/05/19 17:23:22 INFO SecurityManager: Changing modify acls to: phat
26/05/19 17:23:22 INFO SecurityManager: Changing view acls groups to: 
26/05/19 17:23:22 INFO SecurityManager: Changing modify acls groups to: 
26/05/19 17:23:22 INFO SecurityManager: SecurityManager: authentication disabled; ui acls disabled; users with view permissions: phat; groups with view permissions: EMPTY; users with modify permissions: phat; groups with modify permissions: EMPTY
26/05/19 17:23:22 INFO Utils: Successfully started service 'sparkDriver' on port 39223.
26/05/19 17:23:22 INFO SparkEnv: Registering MapOutputTracker
26/05/19 17:23:22 INFO SparkEnv: Registering BlockManagerMaster
26/05/19 17:23:22 INFO BlockManagerMasterEndpoint: Using org.apache.spark.storage.DefaultTopologyMapper for getting topology information
26/05/19 17:23:22 INFO BlockManagerMasterEndpoint: BlockManagerMasterEndpoint up
26/05/19 17:23:22 INFO SparkEnv: Registering BlockManagerMasterHeartbeat
26/05/19 17:23:22 INFO DiskBlockManager: Created local directory at /tmp/blockmgr-a299e060-711b-4d44-bb05-ea04e68b03c2
26/05/19 17:23:22 INFO MemoryStore: MemoryStore started with capacity 366.3 MiB
26/05/19 17:23:22 INFO SparkEnv: Registering OutputCommitCoordinator
26/05/19 17:23:23 INFO JettyUtils: Start Jetty 0.0.0.0:4040 for SparkUI
26/05/19 17:23:23 INFO Utils: Successfully started service 'SparkUI' on port 4040.
26/05/19 17:23:23 INFO SparkContext: Added JAR file:/home/phat/AI_Project/BigData-Lab03-AdvancedMR-Spark/src/Task_2-2/SparkTask22.jar at spark://10.255.255.254:39223/jars/SparkTask22.jar with timestamp 1779186202312
26/05/19 17:23:23 INFO Executor: Starting executor ID driver on host 10.255.255.254
26/05/19 17:23:23 INFO Executor: OS info Linux, 6.6.87.2-microsoft-standard-WSL2, amd64
26/05/19 17:23:23 INFO Executor: Java version 1.8.0_482
26/05/19 17:23:23 INFO Executor: Starting executor with user classpath (userClassPathFirst = false): ''
26/05/19 17:23:23 INFO Executor: Created or updated repl class loader org.apache.spark.util.MutableURLClassLoader@15ac59c2 for default.
26/05/19 17:23:23 INFO Executor: Fetching spark://10.255.255.254:39223/jars/SparkTask22.jar with timestamp 1779186202312
26/05/19 17:23:23 INFO TransportClientFactory: Successfully created connection to /10.255.255.254:39223 after 30 ms (0 ms spent in bootstraps)
26/05/19 17:23:23 INFO Utils: Fetching spark://10.255.255.254:39223/jars/SparkTask22.jar to /tmp/spark-b3ae528a-28e1-4236-93ee-cc20c3787576/userFiles-04bcb482-98a7-4b72-b0b6-ae007b799029/fetchFileTemp3837955055779502110.tmp
26/05/19 17:23:23 INFO Executor: Adding file:/tmp/spark-b3ae528a-28e1-4236-93ee-cc20c3787576/userFiles-04bcb482-98a7-4b72-b0b6-ae007b799029/SparkTask22.jar to class loader default
26/05/19 17:23:23 INFO Utils: Successfully started service 'org.apache.spark.network.netty.NettyBlockTransferService' on port 36813.
26/05/19 17:23:23 INFO NettyBlockTransferService: Server created on 10.255.255.254:36813
26/05/19 17:23:23 INFO BlockManager: Using org.apache.spark.storage.RandomBlockReplicationPolicy for block replication policy
26/05/19 17:23:23 INFO BlockManagerMaster: Registering BlockManager BlockManagerId(driver, 10.255.255.254, 36813, None)
26/05/19 17:23:23 INFO BlockManagerMasterEndpoint: Registering block manager 10.255.255.254:36813 with 366.3 MiB RAM, BlockManagerId(driver, 10.255.255.254, 36813, None)
26/05/19 17:23:23 INFO BlockManagerMaster: Registered BlockManager BlockManagerId(driver, 10.255.255.254, 36813, None)
26/05/19 17:23:23 INFO BlockManager: Initialized BlockManager: BlockManagerId(driver, 10.255.255.254, 36813, None)
TASK 2.2 — Dynamic Percentile Population StdDev
Input : hdfs://localhost:8020/lab03/input/Amazon_Sale_Report.csv
Output: hdfs://localhost:8020/lab03/output/Task_2-2.parquet

[STEP 1] Loading and preparing data...
Usable orders after filtering: 121180

[STEP 3] Benchmarking percentile approaches...
Warming up Spark execution before benchmark...
Warm-up completed.
[approx] Run 1: 2239 ms
[approx] Run 2: 1408 ms
[approx] Run 3: 1196 ms
[approx] Run 4: 1269 ms
[approx] Run 5: 1591 ms
[exact]  Run 1: 2390 ms
[exact]  Run 2: 1912 ms
[exact]  Run 3: 1707 ms
[exact]  Run 4: 1793 ms
[exact]  Run 5: 1654 ms

Benchmark summary:
Method                  Mean(ms)      Stddev(ms)
Approx percentile          1540.60          374.27
Exact nearest-rank         1891.20          264.22

[STEP 4] Computing population stddev after percentile filtering...

[STEP 5] Merging final output...
Final output groups: 16345

[STEP 6] Comparing approx vs exact thresholds...
Total SKU-month groups      : 16345
P80 threshold mismatches    : 0 (0.00%)
P90 threshold mismatches    : 0 (0.00%)

Top P80 threshold differences:
No P80 threshold differences found.

Top P90 threshold differences:
No P90 threshold differences found.

[STEP 7] Comparing qualifying order sets approx vs exact...
P80 groups with different qualifying order counts/stddev: 0
P90 groups with different qualifying order counts/stddev: 0

Sample P80 order/stddev differences:
No P80 order/stddev differences found.

Sample P90 order/stddev differences:
No P90 order/stddev differences found.

[STEP 8] Checking large SKU-month groups...
Number of SKU-month groups with more than 1000 orders: 0

[STEP 9] Writing output as a single Parquet file...
Single Parquet file written to: hdfs://localhost:8020/lab03/output/Task_2-2.parquet

[STEP 10] Verifying output can be read by Spark...
Verified output rows: 16345
Task 2.2 completed successfully.
